<?xml version="1.0" encoding="UTF-8"?>
<coverage generated="1652537037126" clover="3.2.0">
  <project timestamp="1652537037126" name="All files">
    <metrics statements="83" coveredstatements="66" conditionals="48" coveredconditionals="29" methods="16" coveredmethods="16" elements="147" coveredelements="111" complexity="0" loc="83" ncloc="83" packages="2" files="8" classes="8"/>
    <package name="selector-disallowed-list">
      <metrics statements="37" coveredstatements="33" conditionals="12" coveredconditionals="8" methods="9" coveredmethods="9"/>
      <file name="index.js" path="/Users/honglei.wu/Desktop/项目源码/selector-disallowed-list/index.js">
        <metrics statements="37" coveredstatements="33" conditionals="12" coveredconditionals="8" methods="9" coveredmethods="9"/>
        <line num="5" count="2" type="stmt"/>
        <line num="6" count="2" type="stmt"/>
        <line num="7" count="2" type="stmt"/>
        <line num="9" count="2" type="stmt"/>
        <line num="10" count="2" type="stmt"/>
        <line num="11" count="2" type="stmt"/>
        <line num="12" count="2" type="stmt"/>
        <line num="14" count="2" type="stmt"/>
        <line num="16" count="2" type="stmt"/>
        <line num="17" count="22" type="stmt"/>
        <line num="21" count="21" type="stmt"/>
        <line num="23" count="21" type="stmt"/>
        <line num="24" count="21" type="stmt"/>
        <line num="29" count="21" type="cond" truecount="1" falsecount="1"/>
        <line num="30" count="0" type="stmt"/>
        <line num="33" count="21" type="stmt"/>
        <line num="34" count="24" type="cond" truecount="1" falsecount="1"/>
        <line num="35" count="0" type="stmt"/>
        <line num="38" count="24" type="stmt"/>
        <line num="39" count="27" type="stmt"/>
        <line num="40" count="27" type="cond" truecount="1" falsecount="1"/>
        <line num="41" count="0" type="stmt"/>
        <line num="44" count="27" type="stmt"/>
        <line num="50" count="27" type="cond" truecount="2" falsecount="0"/>
        <line num="51" count="16" type="stmt"/>
        <line num="53" count="11" type="stmt"/>
        <line num="64" count="27" type="stmt"/>
        <line num="66" count="27" type="stmt"/>
        <line num="67" count="59" type="cond" truecount="2" falsecount="0"/>
        <line num="68" count="39" type="stmt"/>
        <line num="71" count="20" type="cond" truecount="1" falsecount="1"/>
        <line num="72" count="20" type="stmt"/>
        <line num="75" count="0" type="stmt"/>
        <line num="79" count="2" type="stmt"/>
        <line num="80" count="2" type="stmt"/>
        <line num="81" count="2" type="stmt"/>
        <line num="83" count="2" type="stmt"/>
      </file>
    </package>
    <package name="selector-disallowed-list.utils">
      <metrics statements="46" coveredstatements="33" conditionals="36" coveredconditionals="21" methods="7" coveredmethods="7"/>
      <file name="hasInterpolation.js" path="/Users/honglei.wu/Desktop/项目源码/selector-disallowed-list/utils/hasInterpolation.js">
        <metrics statements="8" coveredstatements="7" conditionals="6" coveredconditionals="5" methods="1" coveredmethods="1"/>
        <line num="3" count="2" type="stmt"/>
        <line num="4" count="2" type="stmt"/>
        <line num="5" count="2" type="stmt"/>
        <line num="6" count="2" type="stmt"/>
        <line num="14" count="2" type="stmt"/>
        <line num="16" count="51" type="cond" truecount="1" falsecount="1"/>
        <line num="22" count="0" type="stmt"/>
        <line num="25" count="51" type="stmt"/>
      </file>
      <file name="hasLessInterpolation.js" path="/Users/honglei.wu/Desktop/项目源码/selector-disallowed-list/utils/hasLessInterpolation.js">
        <metrics statements="2" coveredstatements="2" conditionals="0" coveredconditionals="0" methods="1" coveredmethods="1"/>
        <line num="9" count="2" type="stmt"/>
        <line num="10" count="51" type="stmt"/>
      </file>
      <file name="hasPsvInterpolation.js" path="/Users/honglei.wu/Desktop/项目源码/selector-disallowed-list/utils/hasPsvInterpolation.js">
        <metrics statements="2" coveredstatements="2" conditionals="0" coveredconditionals="0" methods="1" coveredmethods="1"/>
        <line num="8" count="2" type="stmt"/>
        <line num="9" count="51" type="stmt"/>
      </file>
      <file name="hasScssInterpolation.js" path="/Users/honglei.wu/Desktop/项目源码/selector-disallowed-list/utils/hasScssInterpolation.js">
        <metrics statements="2" coveredstatements="2" conditionals="0" coveredconditionals="0" methods="1" coveredmethods="1"/>
        <line num="8" count="2" type="stmt"/>
        <line num="9" count="51" type="stmt"/>
      </file>
      <file name="hasTplInterpolation.js" path="/Users/honglei.wu/Desktop/项目源码/selector-disallowed-list/utils/hasTplInterpolation.js">
        <metrics statements="2" coveredstatements="2" conditionals="0" coveredconditionals="0" methods="1" coveredmethods="1"/>
        <line num="9" count="2" type="stmt"/>
        <line num="10" count="51" type="stmt"/>
      </file>
      <file name="isStandardSyntaxRule.js" path="/Users/honglei.wu/Desktop/项目源码/selector-disallowed-list/utils/isStandardSyntaxRule.js">
        <metrics statements="9" coveredstatements="6" conditionals="8" coveredconditionals="4" methods="1" coveredmethods="1"/>
        <line num="3" count="2" type="stmt"/>
        <line num="11" count="2" type="stmt"/>
        <line num="12" count="24" type="cond" truecount="1" falsecount="1"/>
        <line num="13" count="0" type="stmt"/>
        <line num="17" count="24" type="cond" truecount="2" falsecount="2"/>
        <line num="18" count="0" type="stmt"/>
        <line num="21" count="24" type="cond" truecount="1" falsecount="1"/>
        <line num="22" count="0" type="stmt"/>
        <line num="25" count="24" type="stmt"/>
      </file>
      <file name="isStandardSyntaxSelector.js" path="/Users/honglei.wu/Desktop/项目源码/selector-disallowed-list/utils/isStandardSyntaxSelector.js">
        <metrics statements="21" coveredstatements="12" conditionals="22" coveredconditionals="12" methods="1" coveredmethods="1"/>
        <line num="3" count="2" type="stmt"/>
        <line num="11" count="2" type="stmt"/>
        <line num="13" count="51" type="cond" truecount="1" falsecount="1"/>
        <line num="14" count="0" type="stmt"/>
        <line num="18" count="51" type="cond" truecount="1" falsecount="1"/>
        <line num="19" count="0" type="stmt"/>
        <line num="23" count="51" type="cond" truecount="1" falsecount="1"/>
        <line num="24" count="0" type="stmt"/>
        <line num="28" count="51" type="cond" truecount="1" falsecount="1"/>
        <line num="29" count="0" type="stmt"/>
        <line num="33" count="51" type="cond" truecount="1" falsecount="1"/>
        <line num="34" count="0" type="stmt"/>
        <line num="38" count="51" type="cond" truecount="2" falsecount="2"/>
        <line num="39" count="0" type="stmt"/>
        <line num="43" count="51" type="cond" truecount="1" falsecount="1"/>
        <line num="44" count="0" type="stmt"/>
        <line num="48" count="51" type="cond" truecount="3" falsecount="1"/>
        <line num="49" count="0" type="stmt"/>
        <line num="53" count="51" type="cond" truecount="1" falsecount="1"/>
        <line num="54" count="0" type="stmt"/>
        <line num="57" count="51" type="stmt"/>
      </file>
    </package>
  </project>
</coverage>
