{"/Users/honglei.wu/Desktop/项目源码/selector-disallowed-list/index.js": {"path":"/Users/honglei.wu/Desktop/项目源码/selector-disallowed-list/index.js","statementMap":{"0":{"start":{"line":5,"column":18},"end":{"line":5,"column":38}},"1":{"start":{"line":6,"column":26},"end":{"line":6,"column":55}},"2":{"start":{"line":7,"column":30},"end":{"line":7,"column":72}},"3":{"start":{"line":9,"column":29},"end":{"line":9,"column":68}},"4":{"start":{"line":10,"column":33},"end":{"line":10,"column":76}},"5":{"start":{"line":11,"column":31},"end":{"line":11,"column":63}},"6":{"start":{"line":12,"column":50},"end":{"line":12,"column":65}},"7":{"start":{"line":14,"column":27},"end":{"line":14,"column":52}},"8":{"start":{"line":16,"column":17},"end":{"line":18,"column":2}},"9":{"start":{"line":17,"column":26},"end":{"line":17,"column":69}},"10":{"start":{"line":21,"column":15},"end":{"line":21,"column":33}},"11":{"start":{"line":23,"column":2},"end":{"line":60,"column":4}},"12":{"start":{"line":24,"column":25},"end":{"line":27,"column":6}},"13":{"start":{"line":29,"column":4},"end":{"line":31,"column":5}},"14":{"start":{"line":30,"column":6},"end":{"line":30,"column":13}},"15":{"start":{"line":33,"column":4},"end":{"line":47,"column":7}},"16":{"start":{"line":34,"column":6},"end":{"line":36,"column":7}},"17":{"start":{"line":35,"column":8},"end":{"line":35,"column":15}},"18":{"start":{"line":38,"column":6},"end":{"line":46,"column":9}},"19":{"start":{"line":39,"column":8},"end":{"line":45,"column":11}},"20":{"start":{"line":40,"column":10},"end":{"line":42,"column":11}},"21":{"start":{"line":41,"column":12},"end":{"line":41,"column":19}},"22":{"start":{"line":44,"column":10},"end":{"line":44,"column":50}},"23":{"start":{"line":50,"column":6},"end":{"line":52,"column":7}},"24":{"start":{"line":51,"column":8},"end":{"line":51,"column":15}},"25":{"start":{"line":53,"column":6},"end":{"line":58,"column":9}},"26":{"start":{"line":64,"column":22},"end":{"line":64,"column":49}},"27":{"start":{"line":66,"column":2},"end":{"line":76,"column":5}},"28":{"start":{"line":67,"column":4},"end":{"line":69,"column":5}},"29":{"start":{"line":68,"column":6},"end":{"line":68,"column":46}},"30":{"start":{"line":71,"column":4},"end":{"line":73,"column":5}},"31":{"start":{"line":72,"column":6},"end":{"line":72,"column":42}},"32":{"start":{"line":75,"column":4},"end":{"line":75,"column":17}},"33":{"start":{"line":79,"column":0},"end":{"line":79,"column":31}},"34":{"start":{"line":80,"column":0},"end":{"line":80,"column":25}},"35":{"start":{"line":81,"column":0},"end":{"line":81,"column":25}},"36":{"start":{"line":83,"column":0},"end":{"line":83,"column":56}}},"fnMap":{"0":{"name":"(anonymous_0)","decl":{"start":{"line":17,"column":12},"end":{"line":17,"column":13}},"loc":{"start":{"line":17,"column":26},"end":{"line":17,"column":69}},"line":17},"1":{"name":"rule","decl":{"start":{"line":20,"column":9},"end":{"line":20,"column":13}},"loc":{"start":{"line":20,"column":23},"end":{"line":61,"column":1}},"line":20},"2":{"name":"(anonymous_2)","decl":{"start":{"line":23,"column":9},"end":{"line":23,"column":10}},"loc":{"start":{"line":23,"column":27},"end":{"line":60,"column":3}},"line":23},"3":{"name":"(anonymous_3)","decl":{"start":{"line":33,"column":19},"end":{"line":33,"column":20}},"loc":{"start":{"line":33,"column":33},"end":{"line":47,"column":5}},"line":33},"4":{"name":"(anonymous_4)","decl":{"start":{"line":38,"column":33},"end":{"line":38,"column":34}},"loc":{"start":{"line":38,"column":47},"end":{"line":46,"column":7}},"line":38},"5":{"name":"(anonymous_5)","decl":{"start":{"line":39,"column":58},"end":{"line":39,"column":59}},"loc":{"start":{"line":39,"column":78},"end":{"line":45,"column":9}},"line":39},"6":{"name":"checkSelector","decl":{"start":{"line":49,"column":13},"end":{"line":49,"column":26}},"loc":{"start":{"line":49,"column":51},"end":{"line":59,"column":5}},"line":49},"7":{"name":"matchesStringOrRegExp","decl":{"start":{"line":63,"column":9},"end":{"line":63,"column":30}},"loc":{"start":{"line":63,"column":47},"end":{"line":77,"column":1}},"line":63},"8":{"name":"(anonymous_8)","decl":{"start":{"line":66,"column":19},"end":{"line":66,"column":20}},"loc":{"start":{"line":66,"column":35},"end":{"line":76,"column":3}},"line":66}},"branchMap":{"0":{"loc":{"start":{"line":29,"column":4},"end":{"line":31,"column":5}},"type":"if","locations":[{"start":{"line":29,"column":4},"end":{"line":31,"column":5}},{"start":{},"end":{}}],"line":29},"1":{"loc":{"start":{"line":34,"column":6},"end":{"line":36,"column":7}},"type":"if","locations":[{"start":{"line":34,"column":6},"end":{"line":36,"column":7}},{"start":{},"end":{}}],"line":34},"2":{"loc":{"start":{"line":40,"column":10},"end":{"line":42,"column":11}},"type":"if","locations":[{"start":{"line":40,"column":10},"end":{"line":42,"column":11}},{"start":{},"end":{}}],"line":40},"3":{"loc":{"start":{"line":50,"column":6},"end":{"line":52,"column":7}},"type":"if","locations":[{"start":{"line":50,"column":6},"end":{"line":52,"column":7}},{"start":{},"end":{}}],"line":50},"4":{"loc":{"start":{"line":67,"column":4},"end":{"line":69,"column":5}},"type":"if","locations":[{"start":{"line":67,"column":4},"end":{"line":69,"column":5}},{"start":{},"end":{}}],"line":67},"5":{"loc":{"start":{"line":71,"column":4},"end":{"line":73,"column":5}},"type":"if","locations":[{"start":{"line":71,"column":4},"end":{"line":73,"column":5}},{"start":{},"end":{}}],"line":71}},"s":{"0":2,"1":2,"2":2,"3":2,"4":2,"5":2,"6":2,"7":2,"8":2,"9":22,"10":21,"11":21,"12":21,"13":21,"14":0,"15":21,"16":24,"17":0,"18":24,"19":27,"20":27,"21":0,"22":27,"23":27,"24":16,"25":11,"26":27,"27":27,"28":59,"29":39,"30":20,"31":20,"32":0,"33":2,"34":2,"35":2,"36":2},"f":{"0":22,"1":21,"2":21,"3":24,"4":27,"5":27,"6":27,"7":27,"8":59},"b":{"0":[0,21],"1":[0,24],"2":[0,27],"3":[16,11],"4":[39,20],"5":[20,0]},"_coverageSchema":"1a1c01bbd47fc00a2c39e90264f33305004495a9","hash":"615a576ae69ba4ce15678c9920154bf6e7cd6946"}
,"/Users/honglei.wu/Desktop/项目源码/selector-disallowed-list/utils/hasInterpolation.js": {"path":"/Users/honglei.wu/Desktop/项目源码/selector-disallowed-list/utils/hasInterpolation.js","statementMap":{"0":{"start":{"line":3,"column":29},"end":{"line":3,"column":62}},"1":{"start":{"line":4,"column":28},"end":{"line":4,"column":60}},"2":{"start":{"line":5,"column":29},"end":{"line":5,"column":62}},"3":{"start":{"line":6,"column":28},"end":{"line":6,"column":63}},"4":{"start":{"line":14,"column":0},"end":{"line":26,"column":2}},"5":{"start":{"line":16,"column":2},"end":{"line":23,"column":3}},"6":{"start":{"line":22,"column":4},"end":{"line":22,"column":16}},"7":{"start":{"line":25,"column":2},"end":{"line":25,"column":15}}},"fnMap":{"0":{"name":"(anonymous_0)","decl":{"start":{"line":14,"column":17},"end":{"line":14,"column":18}},"loc":{"start":{"line":14,"column":35},"end":{"line":26,"column":1}},"line":14}},"branchMap":{"0":{"loc":{"start":{"line":16,"column":2},"end":{"line":23,"column":3}},"type":"if","locations":[{"start":{"line":16,"column":2},"end":{"line":23,"column":3}},{"start":{},"end":{}}],"line":16},"1":{"loc":{"start":{"line":17,"column":4},"end":{"line":20,"column":31}},"type":"binary-expr","locations":[{"start":{"line":17,"column":4},"end":{"line":17,"column":32}},{"start":{"line":18,"column":4},"end":{"line":18,"column":32}},{"start":{"line":19,"column":4},"end":{"line":19,"column":31}},{"start":{"line":20,"column":4},"end":{"line":20,"column":31}}],"line":17}},"s":{"0":2,"1":2,"2":2,"3":2,"4":2,"5":51,"6":0,"7":51},"f":{"0":51},"b":{"0":[0,51],"1":[51,51,51,51]},"_coverageSchema":"1a1c01bbd47fc00a2c39e90264f33305004495a9","hash":"ee2abad1297ba1d5a09ffb3b431439efddbec2c8"}
,"/Users/honglei.wu/Desktop/项目源码/selector-disallowed-list/utils/hasLessInterpolation.js": {"path":"/Users/honglei.wu/Desktop/项目源码/selector-disallowed-list/utils/hasLessInterpolation.js","statementMap":{"0":{"start":{"line":9,"column":0},"end":{"line":11,"column":2}},"1":{"start":{"line":10,"column":3},"end":{"line":10,"column":34}}},"fnMap":{"0":{"name":"(anonymous_0)","decl":{"start":{"line":9,"column":17},"end":{"line":9,"column":18}},"loc":{"start":{"line":9,"column":35},"end":{"line":11,"column":1}},"line":9}},"branchMap":{},"s":{"0":2,"1":51},"f":{"0":51},"b":{},"_coverageSchema":"1a1c01bbd47fc00a2c39e90264f33305004495a9","hash":"e56e349b8435f596effd1a5ab4e5938a7ab36311"}
,"/Users/honglei.wu/Desktop/项目源码/selector-disallowed-list/utils/hasPsvInterpolation.js": {"path":"/Users/honglei.wu/Desktop/项目源码/selector-disallowed-list/utils/hasPsvInterpolation.js","statementMap":{"0":{"start":{"line":8,"column":0},"end":{"line":10,"column":2}},"1":{"start":{"line":9,"column":2},"end":{"line":9,"column":34}}},"fnMap":{"0":{"name":"(anonymous_0)","decl":{"start":{"line":8,"column":17},"end":{"line":8,"column":18}},"loc":{"start":{"line":8,"column":35},"end":{"line":10,"column":1}},"line":8}},"branchMap":{},"s":{"0":2,"1":51},"f":{"0":51},"b":{},"_coverageSchema":"1a1c01bbd47fc00a2c39e90264f33305004495a9","hash":"5f945b60132ff8bac2452bd2a905deaca184af61"}
,"/Users/honglei.wu/Desktop/项目源码/selector-disallowed-list/utils/hasScssInterpolation.js": {"path":"/Users/honglei.wu/Desktop/项目源码/selector-disallowed-list/utils/hasScssInterpolation.js","statementMap":{"0":{"start":{"line":8,"column":0},"end":{"line":10,"column":2}},"1":{"start":{"line":9,"column":2},"end":{"line":9,"column":33}}},"fnMap":{"0":{"name":"(anonymous_0)","decl":{"start":{"line":8,"column":17},"end":{"line":8,"column":18}},"loc":{"start":{"line":8,"column":35},"end":{"line":10,"column":1}},"line":8}},"branchMap":{},"s":{"0":2,"1":51},"f":{"0":51},"b":{},"_coverageSchema":"1a1c01bbd47fc00a2c39e90264f33305004495a9","hash":"c3c562e447d39687def2560bc927b5bd08e386d6"}
,"/Users/honglei.wu/Desktop/项目源码/selector-disallowed-list/utils/hasTplInterpolation.js": {"path":"/Users/honglei.wu/Desktop/项目源码/selector-disallowed-list/utils/hasTplInterpolation.js","statementMap":{"0":{"start":{"line":9,"column":0},"end":{"line":11,"column":2}},"1":{"start":{"line":10,"column":2},"end":{"line":10,"column":32}}},"fnMap":{"0":{"name":"(anonymous_0)","decl":{"start":{"line":9,"column":17},"end":{"line":9,"column":18}},"loc":{"start":{"line":9,"column":35},"end":{"line":11,"column":1}},"line":9}},"branchMap":{},"s":{"0":2,"1":51},"f":{"0":51},"b":{},"_coverageSchema":"1a1c01bbd47fc00a2c39e90264f33305004495a9","hash":"24db4e5bbcdf681954476b0f15beb3740b0bd17c"}
,"/Users/honglei.wu/Desktop/项目源码/selector-disallowed-list/utils/isStandardSyntaxRule.js": {"path":"/Users/honglei.wu/Desktop/项目源码/selector-disallowed-list/utils/isStandardSyntaxRule.js","statementMap":{"0":{"start":{"line":3,"column":33},"end":{"line":3,"column":70}},"1":{"start":{"line":11,"column":0},"end":{"line":26,"column":2}},"2":{"start":{"line":12,"column":2},"end":{"line":14,"column":3}},"3":{"start":{"line":13,"column":4},"end":{"line":13,"column":17}},"4":{"start":{"line":17,"column":2},"end":{"line":19,"column":3}},"5":{"start":{"line":18,"column":4},"end":{"line":18,"column":17}},"6":{"start":{"line":21,"column":2},"end":{"line":23,"column":3}},"7":{"start":{"line":22,"column":4},"end":{"line":22,"column":17}},"8":{"start":{"line":25,"column":2},"end":{"line":25,"column":14}}},"fnMap":{"0":{"name":"(anonymous_0)","decl":{"start":{"line":11,"column":17},"end":{"line":11,"column":18}},"loc":{"start":{"line":11,"column":33},"end":{"line":26,"column":1}},"line":11}},"branchMap":{"0":{"loc":{"start":{"line":12,"column":2},"end":{"line":14,"column":3}},"type":"if","locations":[{"start":{"line":12,"column":2},"end":{"line":14,"column":3}},{"start":{},"end":{}}],"line":12},"1":{"loc":{"start":{"line":17,"column":2},"end":{"line":19,"column":3}},"type":"if","locations":[{"start":{"line":17,"column":2},"end":{"line":19,"column":3}},{"start":{},"end":{}}],"line":17},"2":{"loc":{"start":{"line":17,"column":6},"end":{"line":17,"column":37}},"type":"binary-expr","locations":[{"start":{"line":17,"column":6},"end":{"line":17,"column":22}},{"start":{"line":17,"column":26},"end":{"line":17,"column":37}}],"line":17},"3":{"loc":{"start":{"line":21,"column":2},"end":{"line":23,"column":3}},"type":"if","locations":[{"start":{"line":21,"column":2},"end":{"line":23,"column":3}},{"start":{},"end":{}}],"line":21}},"s":{"0":2,"1":2,"2":24,"3":0,"4":24,"5":0,"6":24,"7":0,"8":24},"f":{"0":24},"b":{"0":[0,24],"1":[0,24],"2":[24,0],"3":[0,24]},"_coverageSchema":"1a1c01bbd47fc00a2c39e90264f33305004495a9","hash":"af3a3e2e992ebeb3116be099dd65f2037b8fca0f"}
,"/Users/honglei.wu/Desktop/项目源码/selector-disallowed-list/utils/isStandardSyntaxSelector.js": {"path":"/Users/honglei.wu/Desktop/项目源码/selector-disallowed-list/utils/isStandardSyntaxSelector.js","statementMap":{"0":{"start":{"line":3,"column":25},"end":{"line":3,"column":54}},"1":{"start":{"line":11,"column":0},"end":{"line":58,"column":2}},"2":{"start":{"line":13,"column":2},"end":{"line":15,"column":3}},"3":{"start":{"line":14,"column":4},"end":{"line":14,"column":17}},"4":{"start":{"line":18,"column":2},"end":{"line":20,"column":3}},"5":{"start":{"line":19,"column":4},"end":{"line":19,"column":17}},"6":{"start":{"line":23,"column":2},"end":{"line":25,"column":3}},"7":{"start":{"line":24,"column":4},"end":{"line":24,"column":17}},"8":{"start":{"line":28,"column":2},"end":{"line":30,"column":3}},"9":{"start":{"line":29,"column":4},"end":{"line":29,"column":17}},"10":{"start":{"line":33,"column":2},"end":{"line":35,"column":3}},"11":{"start":{"line":34,"column":4},"end":{"line":34,"column":17}},"12":{"start":{"line":38,"column":2},"end":{"line":40,"column":3}},"13":{"start":{"line":39,"column":4},"end":{"line":39,"column":17}},"14":{"start":{"line":43,"column":2},"end":{"line":45,"column":3}},"15":{"start":{"line":44,"column":4},"end":{"line":44,"column":17}},"16":{"start":{"line":48,"column":2},"end":{"line":50,"column":3}},"17":{"start":{"line":49,"column":4},"end":{"line":49,"column":17}},"18":{"start":{"line":53,"column":2},"end":{"line":55,"column":3}},"19":{"start":{"line":54,"column":4},"end":{"line":54,"column":17}},"20":{"start":{"line":57,"column":2},"end":{"line":57,"column":14}}},"fnMap":{"0":{"name":"(anonymous_0)","decl":{"start":{"line":11,"column":17},"end":{"line":11,"column":18}},"loc":{"start":{"line":11,"column":37},"end":{"line":58,"column":1}},"line":11}},"branchMap":{"0":{"loc":{"start":{"line":13,"column":2},"end":{"line":15,"column":3}},"type":"if","locations":[{"start":{"line":13,"column":2},"end":{"line":15,"column":3}},{"start":{},"end":{}}],"line":13},"1":{"loc":{"start":{"line":18,"column":2},"end":{"line":20,"column":3}},"type":"if","locations":[{"start":{"line":18,"column":2},"end":{"line":20,"column":3}},{"start":{},"end":{}}],"line":18},"2":{"loc":{"start":{"line":23,"column":2},"end":{"line":25,"column":3}},"type":"if","locations":[{"start":{"line":23,"column":2},"end":{"line":25,"column":3}},{"start":{},"end":{}}],"line":23},"3":{"loc":{"start":{"line":28,"column":2},"end":{"line":30,"column":3}},"type":"if","locations":[{"start":{"line":28,"column":2},"end":{"line":30,"column":3}},{"start":{},"end":{}}],"line":28},"4":{"loc":{"start":{"line":33,"column":2},"end":{"line":35,"column":3}},"type":"if","locations":[{"start":{"line":33,"column":2},"end":{"line":35,"column":3}},{"start":{},"end":{}}],"line":33},"5":{"loc":{"start":{"line":38,"column":2},"end":{"line":40,"column":3}},"type":"if","locations":[{"start":{"line":38,"column":2},"end":{"line":40,"column":3}},{"start":{},"end":{}}],"line":38},"6":{"loc":{"start":{"line":38,"column":6},"end":{"line":38,"column":55}},"type":"binary-expr","locations":[{"start":{"line":38,"column":6},"end":{"line":38,"column":28}},{"start":{"line":38,"column":32},"end":{"line":38,"column":55}}],"line":38},"7":{"loc":{"start":{"line":43,"column":2},"end":{"line":45,"column":3}},"type":"if","locations":[{"start":{"line":43,"column":2},"end":{"line":45,"column":3}},{"start":{},"end":{}}],"line":43},"8":{"loc":{"start":{"line":48,"column":2},"end":{"line":50,"column":3}},"type":"if","locations":[{"start":{"line":48,"column":2},"end":{"line":50,"column":3}},{"start":{},"end":{}}],"line":48},"9":{"loc":{"start":{"line":48,"column":6},"end":{"line":48,"column":56}},"type":"binary-expr","locations":[{"start":{"line":48,"column":6},"end":{"line":48,"column":29}},{"start":{"line":48,"column":33},"end":{"line":48,"column":56}}],"line":48},"10":{"loc":{"start":{"line":53,"column":2},"end":{"line":55,"column":3}},"type":"if","locations":[{"start":{"line":53,"column":2},"end":{"line":55,"column":3}},{"start":{},"end":{}}],"line":53}},"s":{"0":2,"1":2,"2":51,"3":0,"4":51,"5":0,"6":51,"7":0,"8":51,"9":0,"10":51,"11":0,"12":51,"13":0,"14":51,"15":0,"16":51,"17":0,"18":51,"19":0,"20":51},"f":{"0":51},"b":{"0":[0,51],"1":[0,51],"2":[0,51],"3":[0,51],"4":[0,51],"5":[0,51],"6":[51,0],"7":[0,51],"8":[0,51],"9":[51,51],"10":[0,51]},"_coverageSchema":"1a1c01bbd47fc00a2c39e90264f33305004495a9","hash":"4b6bc5597703e6e123041d78ebe971c9bc5b7817"}
}
