TN:
SF:index.js
FN:17,(anonymous_0)
FN:20,rule
FN:23,(anonymous_2)
FN:33,(anonymous_3)
FN:38,(anonymous_4)
FN:39,(anonymous_5)
FN:49,checkSelector
FN:63,matchesStringOrRegExp
FN:66,(anonymous_8)
FNF:9
FNH:9
FNDA:22,(anonymous_0)
FNDA:21,rule
FNDA:21,(anonymous_2)
FNDA:24,(anonymous_3)
FNDA:27,(anonymous_4)
FNDA:27,(anonymous_5)
FNDA:27,checkSelector
FNDA:27,matchesStringOrRegExp
FNDA:59,(anonymous_8)
DA:5,2
DA:6,2
DA:7,2
DA:9,2
DA:10,2
DA:11,2
DA:12,2
DA:14,2
DA:16,2
DA:17,22
DA:21,21
DA:23,21
DA:24,21
DA:29,21
DA:30,0
DA:33,21
DA:34,24
DA:35,0
DA:38,24
DA:39,27
DA:40,27
DA:41,0
DA:44,27
DA:50,27
DA:51,16
DA:53,11
DA:64,27
DA:66,27
DA:67,59
DA:68,39
DA:71,20
DA:72,20
DA:75,0
DA:79,2
DA:80,2
DA:81,2
DA:83,2
LF:37
LH:33
BRDA:29,0,0,0
BRDA:29,0,1,21
BRDA:34,1,0,0
BRDA:34,1,1,24
BRDA:40,2,0,0
BRDA:40,2,1,27
BRDA:50,3,0,16
BRDA:50,3,1,11
BRDA:67,4,0,39
BRDA:67,4,1,20
BRDA:71,5,0,20
BRDA:71,5,1,0
BRF:12
BRH:8
end_of_record
TN:
SF:utils/hasInterpolation.js
FN:14,(anonymous_0)
FNF:1
FNH:1
FNDA:51,(anonymous_0)
DA:3,2
DA:4,2
DA:5,2
DA:6,2
DA:14,2
DA:16,51
DA:22,0
DA:25,51
LF:8
LH:7
BRDA:16,0,0,0
BRDA:16,0,1,51
BRDA:17,1,0,51
BRDA:17,1,1,51
BRDA:17,1,2,51
BRDA:17,1,3,51
BRF:6
BRH:5
end_of_record
TN:
SF:utils/hasLessInterpolation.js
FN:9,(anonymous_0)
FNF:1
FNH:1
FNDA:51,(anonymous_0)
DA:9,2
DA:10,51
LF:2
LH:2
BRF:0
BRH:0
end_of_record
TN:
SF:utils/hasPsvInterpolation.js
FN:8,(anonymous_0)
FNF:1
FNH:1
FNDA:51,(anonymous_0)
DA:8,2
DA:9,51
LF:2
LH:2
BRF:0
BRH:0
end_of_record
TN:
SF:utils/hasScssInterpolation.js
FN:8,(anonymous_0)
FNF:1
FNH:1
FNDA:51,(anonymous_0)
DA:8,2
DA:9,51
LF:2
LH:2
BRF:0
BRH:0
end_of_record
TN:
SF:utils/hasTplInterpolation.js
FN:9,(anonymous_0)
FNF:1
FNH:1
FNDA:51,(anonymous_0)
DA:9,2
DA:10,51
LF:2
LH:2
BRF:0
BRH:0
end_of_record
TN:
SF:utils/isStandardSyntaxRule.js
FN:11,(anonymous_0)
FNF:1
FNH:1
FNDA:24,(anonymous_0)
DA:3,2
DA:11,2
DA:12,24
DA:13,0
DA:17,24
DA:18,0
DA:21,24
DA:22,0
DA:25,24
LF:9
LH:6
BRDA:12,0,0,0
BRDA:12,0,1,24
BRDA:17,1,0,0
BRDA:17,1,1,24
BRDA:17,2,0,24
BRDA:17,2,1,0
BRDA:21,3,0,0
BRDA:21,3,1,24
BRF:8
BRH:4
end_of_record
TN:
SF:utils/isStandardSyntaxSelector.js
FN:11,(anonymous_0)
FNF:1
FNH:1
FNDA:51,(anonymous_0)
DA:3,2
DA:11,2
DA:13,51
DA:14,0
DA:18,51
DA:19,0
DA:23,51
DA:24,0
DA:28,51
DA:29,0
DA:33,51
DA:34,0
DA:38,51
DA:39,0
DA:43,51
DA:44,0
DA:48,51
DA:49,0
DA:53,51
DA:54,0
DA:57,51
LF:21
LH:12
BRDA:13,0,0,0
BRDA:13,0,1,51
BRDA:18,1,0,0
BRDA:18,1,1,51
BRDA:23,2,0,0
BRDA:23,2,1,51
BRDA:28,3,0,0
BRDA:28,3,1,51
BRDA:33,4,0,0
BRDA:33,4,1,51
BRDA:38,5,0,0
BRDA:38,5,1,51
BRDA:38,6,0,51
BRDA:38,6,1,0
BRDA:43,7,0,0
BRDA:43,7,1,51
BRDA:48,8,0,0
BRDA:48,8,1,51
BRDA:48,9,0,51
BRDA:48,9,1,51
BRDA:53,10,0,0
BRDA:53,10,1,51
BRF:22
BRH:12
end_of_record
